<?xml version="1.0" encoding="UTF-8"?>
<!-- Generated by org.testng.reporters.JUnitXMLReporter -->
<testsuite ignored="1" hostname="DESKTOP-6G8U3P0" failures="0" tests="1" name="Default test" time="71.957" errors="0" timestamp="2021-06-23T20:04:32 IST">
  <testcase classname="lynk.Manager.ContactDocumentationTest" name="documentationScreen" time="71.926"/>
  <testcase classname="lynk.Manager.DefaultProgram" name="loginToLynkmanager" time="0.0">
    <ignored/>
  </testcase> <!-- loginToLynkmanager -->
</testsuite> <!-- Default test -->
