<?xml version="1.0" encoding="UTF-8"?>
<!-- Generated by org.testng.reporters.JUnitXMLReporter -->
<testsuite ignored="1" hostname="DESKTOP-6G8U3P0" failures="0" tests="1" name="Default test" time="69.096" errors="0" timestamp="2021-07-02T16:51:33 IST">
  <testcase classname="lynk.Manager.ProgramLocalisationTest" name="localisation" time="69.07"/>
  <testcase classname="lynk.Manager.DefaultProgram" name="loginToLynkmanager" time="0.0">
    <ignored/>
  </testcase> <!-- loginToLynkmanager -->
</testsuite> <!-- Default test -->
