<?xml version="1.0" encoding="UTF-8"?>
<testng-results ignored="1" total="2" passed="1" failed="0" skipped="0">
  <reporter-output>
  </reporter-output>
  <suite started-at="2021-07-02T16:50:24 IST" name="Default suite" finished-at="2021-07-02T16:51:33 IST" duration-ms="69096">
    <groups>
    </groups>
    <test started-at="2021-07-02T16:50:24 IST" name="Default test" finished-at="2021-07-02T16:51:33 IST" duration-ms="69096">
      <class name="lynk.Manager.ProgramLocalisationTest">
        <test-method is-config="true" signature="browserLaunching()[pri:0, instance:lynk.Manager.ProgramLocalisationTest@4944252c]" started-at="2021-07-02T16:50:16 IST" name="browserLaunching" finished-at="2021-07-02T16:50:24 IST" duration-ms="8267" status="PASS">
          <reporter-output>
          </reporter-output>
        </test-method> <!-- browserLaunching -->
        <test-method signature="localisation()[pri:0, instance:lynk.Manager.ProgramLocalisationTest@4944252c]" started-at="2021-07-02T16:50:24 IST" name="localisation" finished-at="2021-07-02T16:51:33 IST" duration-ms="69070" status="PASS">
          <reporter-output>
          </reporter-output>
        </test-method> <!-- localisation -->
      </class> <!-- lynk.Manager.ProgramLocalisationTest -->
    </test> <!-- Default test -->
  </suite> <!-- Default suite -->
</testng-results>
