<?xml version="1.0" encoding="UTF-8"?>
<testng-results ignored="1" total="2" passed="1" failed="0" skipped="0">
  <reporter-output>
  </reporter-output>
  <suite started-at="2021-06-23T20:03:20 IST" name="Default suite" finished-at="2021-06-23T20:04:32 IST" duration-ms="71957">
    <groups>
    </groups>
    <test started-at="2021-06-23T20:03:20 IST" name="Default test" finished-at="2021-06-23T20:04:32 IST" duration-ms="71957">
      <class name="lynk.Manager.ContactDocumentationTest">
        <test-method is-config="true" signature="browserLaunching()[pri:0, instance:lynk.Manager.ContactDocumentationTest@44821a96]" started-at="2021-06-23T20:03:12 IST" name="browserLaunching" finished-at="2021-06-23T20:03:20 IST" duration-ms="8071" status="PASS">
          <reporter-output>
          </reporter-output>
        </test-method> <!-- browserLaunching -->
        <test-method signature="documentationScreen()[pri:0, instance:lynk.Manager.ContactDocumentationTest@44821a96]" started-at="2021-06-23T20:03:20 IST" name="documentationScreen" finished-at="2021-06-23T20:04:32 IST" duration-ms="71926" status="PASS">
          <reporter-output>
          </reporter-output>
        </test-method> <!-- documentationScreen -->
      </class> <!-- lynk.Manager.ContactDocumentationTest -->
    </test> <!-- Default test -->
  </suite> <!-- Default suite -->
</testng-results>
